2023-04-04 22:11:40,421 [1] INFO  proiectCSharp.Program [(null)] - Hello logging world!
2023-04-04 22:11:40,440 [1] INFO  UserDataBase [(null)] - Creating UserDataBase
2023-04-04 22:11:40,440 [1] INFO  CursaDataBase [(null)] - Creating CursaDataBase
2023-04-04 22:11:40,440 [1] INFO  RezervareDataBase [(null)] - Creating RezervareDataBase
2023-04-04 22:11:42,180 [1] INFO  UserDataBase [(null)] - Entering findAll
2023-04-04 22:11:42,226 [1] INFO  UserDataBase [(null)] - Exiting findAll
2023-04-04 22:11:42,235 [1] INFO  CursaDataBase [(null)] - Entering FindAll
2023-04-04 22:11:42,236 [1] INFO  CursaDataBase [(null)] - Exiting FindAll
2023-04-04 22:11:43,392 [1] INFO  CursaDataBase [(null)] - Entering findByDestinatie with value Berlin
2023-04-04 22:11:43,395 [1] INFO  CursaDataBase [(null)] - Exiting findByDestinatie with value System.Collections.Generic.List`1[proiectCSharp.domain.Cursa]
2023-04-04 22:11:43,991 [1] INFO  CursaDataBase [(null)] - Entering findByDestinatie with value Berlin
2023-04-04 22:11:43,991 [1] INFO  CursaDataBase [(null)] - Exiting findByDestinatie with value System.Collections.Generic.List`1[proiectCSharp.domain.Cursa]
2023-04-04 22:11:43,992 [1] INFO  RezervareDataBase [(null)] - Entering findAll
2023-04-04 22:11:43,992 [1] INFO  RezervareDataBase [(null)] - Exiting findAll
2023-04-04 22:12:15,937 [1] INFO  proiectCSharp.Program [(null)] - Hello logging world!
2023-04-04 22:12:15,950 [1] INFO  UserDataBase [(null)] - Creating UserDataBase
2023-04-04 22:12:15,951 [1] INFO  CursaDataBase [(null)] - Creating CursaDataBase
2023-04-04 22:12:15,951 [1] INFO  RezervareDataBase [(null)] - Creating RezervareDataBase
2023-04-04 22:12:18,063 [1] INFO  UserDataBase [(null)] - Entering findAll
2023-04-04 22:12:18,111 [1] INFO  UserDataBase [(null)] - Exiting findAll
2023-04-04 22:12:18,120 [1] INFO  CursaDataBase [(null)] - Entering FindAll
2023-04-04 22:12:18,121 [1] INFO  CursaDataBase [(null)] - Exiting FindAll
2023-04-04 22:12:19,435 [1] INFO  CursaDataBase [(null)] - Entering findByDestinatie with value Berlin
2023-04-04 22:12:19,439 [1] INFO  CursaDataBase [(null)] - Exiting findByDestinatie with value System.Collections.Generic.List`1[proiectCSharp.domain.Cursa]
2023-04-04 22:12:20,134 [1] INFO  CursaDataBase [(null)] - Entering findByDestinatie with value Berlin
2023-04-04 22:12:20,134 [1] INFO  CursaDataBase [(null)] - Exiting findByDestinatie with value System.Collections.Generic.List`1[proiectCSharp.domain.Cursa]
2023-04-04 22:12:20,135 [1] INFO  RezervareDataBase [(null)] - Entering findAll
2023-04-04 22:12:20,135 [1] INFO  RezervareDataBase [(null)] - Exiting findAll
2023-04-04 22:12:20,943 [1] INFO  CursaDataBase [(null)] - Entering findByDestinatie with value Las Vegas
2023-04-04 22:12:20,943 [1] INFO  CursaDataBase [(null)] - Exiting findByDestinatie with value System.Collections.Generic.List`1[proiectCSharp.domain.Cursa]
2023-04-04 22:12:21,688 [1] INFO  CursaDataBase [(null)] - Entering findByDestinatie with value Las Vegas
2023-04-04 22:12:21,689 [1] INFO  CursaDataBase [(null)] - Exiting findByDestinatie with value System.Collections.Generic.List`1[proiectCSharp.domain.Cursa]
2023-04-04 22:12:21,689 [1] INFO  RezervareDataBase [(null)] - Entering findAll
2023-04-04 22:12:21,689 [1] INFO  RezervareDataBase [(null)] - Exiting findAll
2023-04-04 22:12:26,930 [1] INFO  CursaDataBase [(null)] - Entering findByDestinatie with value Barcelona
2023-04-04 22:12:26,932 [1] INFO  CursaDataBase [(null)] - Exiting findByDestinatie with value System.Collections.Generic.List`1[proiectCSharp.domain.Cursa]
2023-04-04 22:12:27,458 [1] INFO  CursaDataBase [(null)] - Entering findByDestinatie with value Barcelona
2023-04-04 22:12:27,458 [1] INFO  CursaDataBase [(null)] - Exiting findByDestinatie with value System.Collections.Generic.List`1[proiectCSharp.domain.Cursa]
2023-04-04 22:12:27,458 [1] INFO  RezervareDataBase [(null)] - Entering findAll
2023-04-04 22:12:27,459 [1] INFO  RezervareDataBase [(null)] - Exiting findAll
2023-04-04 22:22:56,097 [1] INFO  proiectCSharp.Program [(null)] - Hello logging world!
2023-04-04 22:22:56,111 [1] INFO  UserDataBase [(null)] - Creating UserDataBase
2023-04-04 22:22:56,111 [1] INFO  CursaDataBase [(null)] - Creating CursaDataBase
2023-04-04 22:22:56,111 [1] INFO  RezervareDataBase [(null)] - Creating RezervareDataBase
2023-04-04 22:22:59,152 [1] INFO  UserDataBase [(null)] - Entering findAll
2023-04-04 22:22:59,199 [1] INFO  UserDataBase [(null)] - Exiting findAll
2023-04-04 22:22:59,208 [1] INFO  CursaDataBase [(null)] - Entering FindAll
2023-04-04 22:22:59,209 [1] INFO  CursaDataBase [(null)] - Exiting FindAll
2023-04-04 22:23:00,582 [1] INFO  CursaDataBase [(null)] - Entering findByDestinatie with value Berlin
2023-04-04 22:23:00,585 [1] INFO  CursaDataBase [(null)] - Exiting findByDestinatie with value System.Collections.Generic.List`1[proiectCSharp.domain.Cursa]
2023-04-04 22:23:01,364 [1] INFO  CursaDataBase [(null)] - Entering findByDestinatie with value Berlin
2023-04-04 22:23:01,365 [1] INFO  CursaDataBase [(null)] - Exiting findByDestinatie with value System.Collections.Generic.List`1[proiectCSharp.domain.Cursa]
2023-04-04 22:23:01,365 [1] INFO  RezervareDataBase [(null)] - Entering findAll
2023-04-04 22:23:01,366 [1] INFO  RezervareDataBase [(null)] - Exiting findAll
2023-04-04 22:23:02,619 [1] INFO  CursaDataBase [(null)] - Entering findByDestinatie with value Las Vegas
2023-04-04 22:23:02,619 [1] INFO  CursaDataBase [(null)] - Exiting findByDestinatie with value System.Collections.Generic.List`1[proiectCSharp.domain.Cursa]
2023-04-04 22:23:03,301 [1] INFO  CursaDataBase [(null)] - Entering findByDestinatie with value Las Vegas
2023-04-04 22:23:03,301 [1] INFO  CursaDataBase [(null)] - Exiting findByDestinatie with value System.Collections.Generic.List`1[proiectCSharp.domain.Cursa]
2023-04-04 22:23:03,301 [1] INFO  RezervareDataBase [(null)] - Entering findAll
2023-04-04 22:23:03,301 [1] INFO  RezervareDataBase [(null)] - Exiting findAll
2023-04-04 22:23:16,571 [1] INFO  RezervareDataBase [(null)] - Entering findAll
2023-04-04 22:23:16,572 [1] INFO  RezervareDataBase [(null)] - Exiting findAll
2023-04-04 22:23:16,572 [1] INFO  RezervareDataBase [(null)] - Entering save with value Rezervare{numeClient='Radu', nrLocuri=1, idCursa=86
2023-04-04 22:23:16,581 [1] INFO  RezervareDataBase [(null)] - Exiting save with value Rezervare{numeClient='Radu', nrLocuri=1, idCursa=86
2023-04-04 22:23:44,971 [1] INFO  RezervareDataBase [(null)] - Entering findAll
2023-04-04 22:23:44,975 [1] INFO  RezervareDataBase [(null)] - Exiting findAll
2023-04-04 22:23:48,927 [1] INFO  RezervareDataBase [(null)] - Entering findAll
2023-04-04 22:23:48,928 [1] INFO  RezervareDataBase [(null)] - Exiting findAll
2023-04-04 22:23:48,928 [1] INFO  RezervareDataBase [(null)] - Entering save with value Rezervare{numeClient='Dit', nrLocuri=7, idCursa=86
2023-04-04 22:23:48,935 [1] INFO  RezervareDataBase [(null)] - Exiting save with value Rezervare{numeClient='Dit', nrLocuri=7, idCursa=86
2023-04-04 22:24:01,552 [1] INFO  RezervareDataBase [(null)] - Entering findAll
2023-04-04 22:24:01,556 [1] INFO  RezervareDataBase [(null)] - Exiting findAll
2023-04-04 22:24:01,556 [1] INFO  RezervareDataBase [(null)] - Entering save with value Rezervare{numeClient='Dit', nrLocuri=7, idCursa=86
2023-04-04 22:24:01,564 [1] INFO  RezervareDataBase [(null)] - Exiting save with value Rezervare{numeClient='Dit', nrLocuri=7, idCursa=86
2023-04-04 22:25:45,097 [1] INFO  proiectCSharp.Program [(null)] - Hello logging world!
2023-04-04 22:25:45,110 [1] INFO  UserDataBase [(null)] - Creating UserDataBase
2023-04-04 22:25:45,110 [1] INFO  CursaDataBase [(null)] - Creating CursaDataBase
2023-04-04 22:25:45,110 [1] INFO  RezervareDataBase [(null)] - Creating RezervareDataBase
2023-04-04 22:26:23,243 [1] INFO  proiectCSharp.Program [(null)] - Hello logging world!
2023-04-04 22:26:23,256 [1] INFO  UserDataBase [(null)] - Creating UserDataBase
2023-04-04 22:26:23,256 [1] INFO  CursaDataBase [(null)] - Creating CursaDataBase
2023-04-04 22:26:23,256 [1] INFO  RezervareDataBase [(null)] - Creating RezervareDataBase
2023-04-04 22:26:25,325 [1] INFO  UserDataBase [(null)] - Entering findAll
2023-04-04 22:26:25,373 [1] INFO  UserDataBase [(null)] - Exiting findAll
2023-04-04 22:26:25,381 [1] INFO  CursaDataBase [(null)] - Entering FindAll
2023-04-04 22:26:25,382 [1] INFO  CursaDataBase [(null)] - Exiting FindAll
2023-04-04 22:26:26,837 [1] INFO  CursaDataBase [(null)] - Entering findByDestinatie with value Berlin
2023-04-04 22:26:26,840 [1] INFO  CursaDataBase [(null)] - Exiting findByDestinatie with value System.Collections.Generic.List`1[proiectCSharp.domain.Cursa]
2023-04-04 22:26:28,517 [1] INFO  CursaDataBase [(null)] - Entering findByDestinatie with value Berlin
2023-04-04 22:26:28,517 [1] INFO  CursaDataBase [(null)] - Exiting findByDestinatie with value System.Collections.Generic.List`1[proiectCSharp.domain.Cursa]
2023-04-04 22:26:28,518 [1] INFO  RezervareDataBase [(null)] - Entering findAll
2023-04-04 22:26:28,518 [1] INFO  RezervareDataBase [(null)] - Exiting findAll
2023-04-04 22:26:29,720 [1] INFO  CursaDataBase [(null)] - Entering findByDestinatie with value Las Vegas
2023-04-04 22:26:29,720 [1] INFO  CursaDataBase [(null)] - Exiting findByDestinatie with value System.Collections.Generic.List`1[proiectCSharp.domain.Cursa]
2023-04-04 22:26:30,489 [1] INFO  CursaDataBase [(null)] - Entering findByDestinatie with value Las Vegas
2023-04-04 22:26:30,490 [1] INFO  CursaDataBase [(null)] - Exiting findByDestinatie with value System.Collections.Generic.List`1[proiectCSharp.domain.Cursa]
2023-04-04 22:26:30,490 [1] INFO  RezervareDataBase [(null)] - Entering findAll
2023-04-04 22:26:30,490 [1] INFO  RezervareDataBase [(null)] - Exiting findAll
2023-04-04 22:27:55,105 [1] INFO  proiectCSharp.Program [(null)] - Hello logging world!
2023-04-04 22:27:55,120 [1] INFO  UserDataBase [(null)] - Creating UserDataBase
2023-04-04 22:27:55,120 [1] INFO  CursaDataBase [(null)] - Creating CursaDataBase
2023-04-04 22:27:55,120 [1] INFO  RezervareDataBase [(null)] - Creating RezervareDataBase
2023-04-04 22:27:57,635 [1] INFO  UserDataBase [(null)] - Entering findAll
2023-04-04 22:27:57,687 [1] INFO  UserDataBase [(null)] - Exiting findAll
2023-04-04 22:27:57,696 [1] INFO  CursaDataBase [(null)] - Entering FindAll
2023-04-04 22:27:57,697 [1] INFO  CursaDataBase [(null)] - Exiting FindAll
2023-04-04 22:27:58,757 [1] INFO  CursaDataBase [(null)] - Entering findByDestinatie with value Berlin
2023-04-04 22:27:58,760 [1] INFO  CursaDataBase [(null)] - Exiting findByDestinatie with value System.Collections.Generic.List`1[proiectCSharp.domain.Cursa]
2023-04-04 22:27:59,402 [1] INFO  CursaDataBase [(null)] - Entering findByDestinatie with value Berlin
2023-04-04 22:27:59,402 [1] INFO  CursaDataBase [(null)] - Exiting findByDestinatie with value System.Collections.Generic.List`1[proiectCSharp.domain.Cursa]
2023-04-04 22:27:59,402 [1] INFO  RezervareDataBase [(null)] - Entering findAll
2023-04-04 22:27:59,403 [1] INFO  RezervareDataBase [(null)] - Exiting findAll
2023-04-04 22:28:00,648 [1] INFO  CursaDataBase [(null)] - Entering findByDestinatie with value Las Vegas
2023-04-04 22:28:00,648 [1] INFO  CursaDataBase [(null)] - Exiting findByDestinatie with value System.Collections.Generic.List`1[proiectCSharp.domain.Cursa]
2023-04-04 22:28:01,816 [1] INFO  CursaDataBase [(null)] - Entering findByDestinatie with value Las Vegas
2023-04-04 22:28:01,816 [1] INFO  CursaDataBase [(null)] - Exiting findByDestinatie with value System.Collections.Generic.List`1[proiectCSharp.domain.Cursa]
2023-04-04 22:28:01,816 [1] INFO  RezervareDataBase [(null)] - Entering findAll
2023-04-04 22:28:01,817 [1] INFO  RezervareDataBase [(null)] - Exiting findAll
2023-04-04 22:28:02,582 [1] INFO  CursaDataBase [(null)] - Entering findByDestinatie with value Barcelona
2023-04-04 22:28:02,583 [1] INFO  CursaDataBase [(null)] - Exiting findByDestinatie with value System.Collections.Generic.List`1[proiectCSharp.domain.Cursa]
2023-04-04 22:28:03,676 [1] INFO  CursaDataBase [(null)] - Entering findByDestinatie with value Barcelona
2023-04-04 22:28:03,676 [1] INFO  CursaDataBase [(null)] - Exiting findByDestinatie with value System.Collections.Generic.List`1[proiectCSharp.domain.Cursa]
2023-04-04 22:28:03,676 [1] INFO  RezervareDataBase [(null)] - Entering findAll
2023-04-04 22:28:03,677 [1] INFO  RezervareDataBase [(null)] - Exiting findAll
2023-04-04 22:28:08,054 [1] INFO  CursaDataBase [(null)] - Entering findByDestinatie with value Berlin
2023-04-04 22:28:08,054 [1] INFO  CursaDataBase [(null)] - Exiting findByDestinatie with value System.Collections.Generic.List`1[proiectCSharp.domain.Cursa]
2023-04-04 22:28:08,666 [1] INFO  CursaDataBase [(null)] - Entering findByDestinatie with value Berlin
2023-04-04 22:28:08,667 [1] INFO  CursaDataBase [(null)] - Exiting findByDestinatie with value System.Collections.Generic.List`1[proiectCSharp.domain.Cursa]
2023-04-04 22:28:08,667 [1] INFO  RezervareDataBase [(null)] - Entering findAll
2023-04-04 22:28:08,667 [1] INFO  RezervareDataBase [(null)] - Exiting findAll
2023-04-04 22:28:14,153 [1] INFO  RezervareDataBase [(null)] - Entering findAll
2023-04-04 22:28:14,154 [1] INFO  RezervareDataBase [(null)] - Exiting findAll
2023-04-04 22:31:11,349 [1] INFO  proiectCSharp.Program [(null)] - Hello logging world!
2023-04-04 22:31:11,365 [1] INFO  UserDataBase [(null)] - Creating UserDataBase
2023-04-04 22:31:11,365 [1] INFO  CursaDataBase [(null)] - Creating CursaDataBase
2023-04-04 22:31:11,365 [1] INFO  RezervareDataBase [(null)] - Creating RezervareDataBase
2023-04-04 22:31:13,495 [1] INFO  UserDataBase [(null)] - Entering findAll
2023-04-04 22:31:13,546 [1] INFO  UserDataBase [(null)] - Exiting findAll
2023-04-04 22:31:13,553 [1] INFO  CursaDataBase [(null)] - Entering FindAll
2023-04-04 22:31:13,555 [1] INFO  CursaDataBase [(null)] - Exiting FindAll
2023-04-04 22:31:15,123 [1] INFO  CursaDataBase [(null)] - Entering findByDestinatie with value Berlin
2023-04-04 22:31:15,126 [1] INFO  CursaDataBase [(null)] - Exiting findByDestinatie with value System.Collections.Generic.List`1[proiectCSharp.domain.Cursa]
2023-04-04 22:31:16,509 [1] INFO  CursaDataBase [(null)] - Entering findByDestinatie with value Berlin
2023-04-04 22:31:16,509 [1] INFO  CursaDataBase [(null)] - Exiting findByDestinatie with value System.Collections.Generic.List`1[proiectCSharp.domain.Cursa]
2023-04-04 22:31:16,510 [1] INFO  RezervareDataBase [(null)] - Entering findAll
2023-04-04 22:31:16,510 [1] INFO  RezervareDataBase [(null)] - Exiting findAll
2023-04-04 22:31:20,637 [1] INFO  RezervareDataBase [(null)] - Entering findAll
2023-04-04 22:31:20,637 [1] INFO  RezervareDataBase [(null)] - Exiting findAll
2023-04-04 22:31:20,637 [1] INFO  RezervareDataBase [(null)] - Entering save with value Rezervare{numeClient='Alin', nrLocuri=2, idCursa=85
2023-04-04 22:31:20,647 [1] INFO  RezervareDataBase [(null)] - Exiting save with value Rezervare{numeClient='Alin', nrLocuri=2, idCursa=85
2023-04-04 22:31:20,647 [1] INFO  CursaDataBase [(null)] - Entering FindAll
2023-04-04 22:31:20,650 [1] INFO  CursaDataBase [(null)] - Exiting FindAll
2023-04-04 22:32:03,220 [1] INFO  CursaDataBase [(null)] - Entering findByDestinatie with value Las Vegas
2023-04-04 22:32:03,222 [1] INFO  CursaDataBase [(null)] - Exiting findByDestinatie with value System.Collections.Generic.List`1[proiectCSharp.domain.Cursa]
2023-04-04 22:32:04,330 [1] INFO  CursaDataBase [(null)] - Entering findByDestinatie with value Las Vegas
2023-04-04 22:32:04,330 [1] INFO  CursaDataBase [(null)] - Exiting findByDestinatie with value System.Collections.Generic.List`1[proiectCSharp.domain.Cursa]
2023-04-04 22:32:04,330 [1] INFO  RezervareDataBase [(null)] - Entering findAll
2023-04-04 22:32:04,330 [1] INFO  RezervareDataBase [(null)] - Exiting findAll
2023-04-04 22:32:04,965 [1] INFO  CursaDataBase [(null)] - Entering findByDestinatie with value Berlin
2023-04-04 22:32:04,966 [1] INFO  CursaDataBase [(null)] - Exiting findByDestinatie with value System.Collections.Generic.List`1[proiectCSharp.domain.Cursa]
2023-04-04 22:32:05,609 [1] INFO  CursaDataBase [(null)] - Entering findByDestinatie with value Berlin
2023-04-04 22:32:05,610 [1] INFO  CursaDataBase [(null)] - Exiting findByDestinatie with value System.Collections.Generic.List`1[proiectCSharp.domain.Cursa]
2023-04-04 22:32:05,610 [1] INFO  RezervareDataBase [(null)] - Entering findAll
2023-04-04 22:32:05,610 [1] INFO  RezervareDataBase [(null)] - Exiting findAll
2023-04-04 22:34:50,548 [1] INFO  proiectCSharp.Program [(null)] - Hello logging world!
2023-04-04 22:34:50,563 [1] INFO  UserDataBase [(null)] - Creating UserDataBase
2023-04-04 22:34:50,563 [1] INFO  CursaDataBase [(null)] - Creating CursaDataBase
2023-04-04 22:34:50,563 [1] INFO  RezervareDataBase [(null)] - Creating RezervareDataBase
2023-04-04 22:34:53,365 [1] INFO  UserDataBase [(null)] - Entering findAll
2023-04-04 22:34:53,412 [1] INFO  UserDataBase [(null)] - Exiting findAll
2023-04-04 22:34:53,420 [1] INFO  CursaDataBase [(null)] - Entering FindAll
2023-04-04 22:34:53,421 [1] INFO  CursaDataBase [(null)] - Exiting FindAll
2023-04-04 22:34:54,891 [1] INFO  CursaDataBase [(null)] - Entering findByDestinatie with value Berlin
2023-04-04 22:34:54,894 [1] INFO  CursaDataBase [(null)] - Exiting findByDestinatie with value System.Collections.Generic.List`1[proiectCSharp.domain.Cursa]
2023-04-04 22:34:56,818 [1] INFO  CursaDataBase [(null)] - Entering findByDestinatie with value Berlin
2023-04-04 22:34:56,818 [1] INFO  CursaDataBase [(null)] - Exiting findByDestinatie with value System.Collections.Generic.List`1[proiectCSharp.domain.Cursa]
2023-04-04 22:34:56,819 [1] INFO  RezervareDataBase [(null)] - Entering findAll
2023-04-04 22:34:56,819 [1] INFO  RezervareDataBase [(null)] - Exiting findAll
2023-04-04 22:35:18,688 [1] INFO  proiectCSharp.Program [(null)] - Hello logging world!
2023-04-04 22:35:18,704 [1] INFO  UserDataBase [(null)] - Creating UserDataBase
2023-04-04 22:35:18,704 [1] INFO  CursaDataBase [(null)] - Creating CursaDataBase
2023-04-04 22:35:18,704 [1] INFO  RezervareDataBase [(null)] - Creating RezervareDataBase
2023-04-04 22:35:20,999 [1] INFO  UserDataBase [(null)] - Entering findAll
2023-04-04 22:35:21,046 [1] INFO  UserDataBase [(null)] - Exiting findAll
2023-04-04 22:35:21,054 [1] INFO  CursaDataBase [(null)] - Entering FindAll
2023-04-04 22:35:21,056 [1] INFO  CursaDataBase [(null)] - Exiting FindAll
2023-04-04 22:35:22,618 [1] INFO  CursaDataBase [(null)] - Entering findByDestinatie with value Barcelona
2023-04-04 22:35:22,621 [1] INFO  CursaDataBase [(null)] - Exiting findByDestinatie with value System.Collections.Generic.List`1[proiectCSharp.domain.Cursa]
2023-04-04 22:35:23,012 [1] INFO  CursaDataBase [(null)] - Entering findByDestinatie with value Berlin
2023-04-04 22:35:23,012 [1] INFO  CursaDataBase [(null)] - Exiting findByDestinatie with value System.Collections.Generic.List`1[proiectCSharp.domain.Cursa]
2023-04-04 22:35:23,751 [1] INFO  CursaDataBase [(null)] - Entering findByDestinatie with value Berlin
2023-04-04 22:35:23,752 [1] INFO  CursaDataBase [(null)] - Exiting findByDestinatie with value System.Collections.Generic.List`1[proiectCSharp.domain.Cursa]
2023-04-04 22:35:23,752 [1] INFO  RezervareDataBase [(null)] - Entering findAll
2023-04-04 22:35:23,752 [1] INFO  RezervareDataBase [(null)] - Exiting findAll
2023-04-04 22:35:27,309 [1] INFO  RezervareDataBase [(null)] - Entering findAll
2023-04-04 22:35:27,311 [1] INFO  RezervareDataBase [(null)] - Exiting findAll
2023-04-04 22:35:27,311 [1] INFO  RezervareDataBase [(null)] - Entering save with value Rezervare{numeClient='Alin', nrLocuri=2, idCursa=85
2023-04-04 22:35:27,320 [1] INFO  RezervareDataBase [(null)] - Exiting save with value Rezervare{numeClient='Alin', nrLocuri=2, idCursa=85
2023-04-04 22:35:27,320 [1] INFO  CursaDataBase [(null)] - Entering findOne with value 85
2023-04-04 22:35:31,574 [1] INFO  CursaDataBase [(null)] - Exiting findOne with value 
2023-04-04 22:36:30,444 [1] INFO  proiectCSharp.Program [(null)] - Hello logging world!
2023-04-04 22:36:30,458 [1] INFO  UserDataBase [(null)] - Creating UserDataBase
2023-04-04 22:36:30,458 [1] INFO  CursaDataBase [(null)] - Creating CursaDataBase
2023-04-04 22:36:30,458 [1] INFO  RezervareDataBase [(null)] - Creating RezervareDataBase
2023-04-04 22:36:33,667 [1] INFO  UserDataBase [(null)] - Entering findAll
2023-04-04 22:36:33,717 [1] INFO  UserDataBase [(null)] - Exiting findAll
2023-04-04 22:36:33,725 [1] INFO  CursaDataBase [(null)] - Entering FindAll
2023-04-04 22:36:33,726 [1] INFO  CursaDataBase [(null)] - Exiting FindAll
2023-04-04 22:36:35,162 [1] INFO  CursaDataBase [(null)] - Entering findByDestinatie with value Berlin
2023-04-04 22:36:35,165 [1] INFO  CursaDataBase [(null)] - Exiting findByDestinatie with value System.Collections.Generic.List`1[proiectCSharp.domain.Cursa]
2023-04-04 22:36:35,783 [1] INFO  CursaDataBase [(null)] - Entering findByDestinatie with value Berlin
2023-04-04 22:36:35,783 [1] INFO  CursaDataBase [(null)] - Exiting findByDestinatie with value System.Collections.Generic.List`1[proiectCSharp.domain.Cursa]
2023-04-04 22:36:35,783 [1] INFO  RezervareDataBase [(null)] - Entering findAll
2023-04-04 22:36:35,784 [1] INFO  RezervareDataBase [(null)] - Exiting findAll
2023-04-04 22:36:47,569 [1] INFO  proiectCSharp.Program [(null)] - Hello logging world!
2023-04-04 22:36:47,583 [1] INFO  UserDataBase [(null)] - Creating UserDataBase
2023-04-04 22:36:47,583 [1] INFO  CursaDataBase [(null)] - Creating CursaDataBase
2023-04-04 22:36:47,583 [1] INFO  RezervareDataBase [(null)] - Creating RezervareDataBase
2023-04-04 22:36:49,602 [1] INFO  UserDataBase [(null)] - Entering findAll
2023-04-04 22:36:49,653 [1] INFO  UserDataBase [(null)] - Exiting findAll
2023-04-04 22:36:49,661 [1] INFO  CursaDataBase [(null)] - Entering FindAll
2023-04-04 22:36:49,663 [1] INFO  CursaDataBase [(null)] - Exiting FindAll
2023-04-04 22:36:51,491 [1] INFO  CursaDataBase [(null)] - Entering findByDestinatie with value Berlin
2023-04-04 22:36:51,495 [1] INFO  CursaDataBase [(null)] - Exiting findByDestinatie with value System.Collections.Generic.List`1[proiectCSharp.domain.Cursa]
2023-04-04 22:36:52,320 [1] INFO  CursaDataBase [(null)] - Entering findByDestinatie with value Berlin
2023-04-04 22:36:52,320 [1] INFO  CursaDataBase [(null)] - Exiting findByDestinatie with value System.Collections.Generic.List`1[proiectCSharp.domain.Cursa]
2023-04-04 22:36:52,321 [1] INFO  RezervareDataBase [(null)] - Entering findAll
2023-04-04 22:36:52,321 [1] INFO  RezervareDataBase [(null)] - Exiting findAll
2023-04-04 22:36:56,733 [1] INFO  RezervareDataBase [(null)] - Entering findAll
2023-04-04 22:36:56,733 [1] INFO  RezervareDataBase [(null)] - Exiting findAll
2023-04-04 22:36:56,733 [1] INFO  RezervareDataBase [(null)] - Entering save with value Rezervare{numeClient='Alin', nrLocuri=2, idCursa=85
2023-04-04 22:36:56,744 [1] INFO  RezervareDataBase [(null)] - Exiting save with value Rezervare{numeClient='Alin', nrLocuri=2, idCursa=85
2023-04-04 22:36:56,744 [1] INFO  CursaDataBase [(null)] - Entering update with value Cursa{destinatie='Berlin', dataOraPlecare=11.11.2022 11:00:00, nrLocuriDisponibile=16}
2023-04-04 22:36:56,756 [1] INFO  CursaDataBase [(null)] - Exiting update with value Cursa{destinatie='Berlin', dataOraPlecare=11.11.2022 11:00:00, nrLocuriDisponibile=16}
2023-04-04 22:36:56,756 [1] INFO  CursaDataBase [(null)] - Entering FindAll
2023-04-04 22:36:56,759 [1] INFO  CursaDataBase [(null)] - Exiting FindAll
2023-04-04 22:37:13,468 [1] INFO  RezervareDataBase [(null)] - Entering findAll
2023-04-04 22:37:13,468 [1] INFO  RezervareDataBase [(null)] - Exiting findAll
2023-04-04 22:37:13,468 [1] INFO  RezervareDataBase [(null)] - Entering save with value Rezervare{numeClient='Sorana', nrLocuri=18, idCursa=85
2023-04-04 22:37:13,476 [1] INFO  RezervareDataBase [(null)] - Exiting save with value Rezervare{numeClient='Sorana', nrLocuri=18, idCursa=85
2023-04-04 22:37:13,476 [1] INFO  CursaDataBase [(null)] - Entering update with value Cursa{destinatie='Berlin', dataOraPlecare=11.11.2022 11:00:00, nrLocuriDisponibile=-2}
2023-04-04 22:37:13,486 [1] INFO  CursaDataBase [(null)] - Exiting update with value Cursa{destinatie='Berlin', dataOraPlecare=11.11.2022 11:00:00, nrLocuriDisponibile=-2}
2023-04-04 22:37:13,486 [1] INFO  CursaDataBase [(null)] - Entering FindAll
2023-04-04 22:37:13,489 [1] INFO  CursaDataBase [(null)] - Exiting FindAll
2023-04-04 22:38:34,098 [1] INFO  proiectCSharp.Program [(null)] - Hello logging world!
2023-04-04 22:38:34,112 [1] INFO  UserDataBase [(null)] - Creating UserDataBase
2023-04-04 22:38:34,112 [1] INFO  CursaDataBase [(null)] - Creating CursaDataBase
2023-04-04 22:38:34,114 [1] INFO  RezervareDataBase [(null)] - Creating RezervareDataBase
2023-04-04 22:38:37,086 [1] INFO  UserDataBase [(null)] - Entering findAll
2023-04-04 22:38:37,137 [1] INFO  UserDataBase [(null)] - Exiting findAll
2023-04-04 22:38:37,145 [1] INFO  CursaDataBase [(null)] - Entering FindAll
2023-04-04 22:38:37,146 [1] INFO  CursaDataBase [(null)] - Exiting FindAll
2023-04-04 22:38:38,340 [1] INFO  CursaDataBase [(null)] - Entering findByDestinatie with value Berlin
2023-04-04 22:38:38,342 [1] INFO  CursaDataBase [(null)] - Exiting findByDestinatie with value System.Collections.Generic.List`1[proiectCSharp.domain.Cursa]
2023-04-04 22:38:39,242 [1] INFO  CursaDataBase [(null)] - Entering findByDestinatie with value Berlin
2023-04-04 22:38:39,243 [1] INFO  CursaDataBase [(null)] - Exiting findByDestinatie with value System.Collections.Generic.List`1[proiectCSharp.domain.Cursa]
2023-04-04 22:38:39,243 [1] INFO  RezervareDataBase [(null)] - Entering findAll
2023-04-04 22:38:39,243 [1] INFO  RezervareDataBase [(null)] - Exiting findAll
2023-04-04 22:38:44,418 [1] INFO  RezervareDataBase [(null)] - Entering findAll
2023-04-04 22:38:44,418 [1] INFO  RezervareDataBase [(null)] - Exiting findAll
2023-04-04 22:38:48,405 [1] INFO  RezervareDataBase [(null)] - Entering findAll
2023-04-04 22:38:48,406 [1] INFO  RezervareDataBase [(null)] - Exiting findAll
2023-04-04 22:38:48,406 [1] INFO  RezervareDataBase [(null)] - Entering save with value Rezervare{numeClient='Alin', nrLocuri=2, idCursa=85
2023-04-04 22:38:48,416 [1] INFO  RezervareDataBase [(null)] - Exiting save with value Rezervare{numeClient='Alin', nrLocuri=2, idCursa=85
2023-04-04 22:38:48,416 [1] INFO  CursaDataBase [(null)] - Entering update with value Cursa{destinatie='Berlin', dataOraPlecare=11.11.2022 11:00:00, nrLocuriDisponibile=16}
2023-04-04 22:38:48,428 [1] INFO  CursaDataBase [(null)] - Exiting update with value Cursa{destinatie='Berlin', dataOraPlecare=11.11.2022 11:00:00, nrLocuriDisponibile=16}
2023-04-04 22:38:48,428 [1] INFO  CursaDataBase [(null)] - Entering FindAll
2023-04-04 22:38:48,431 [1] INFO  CursaDataBase [(null)] - Exiting FindAll
2023-04-04 22:38:55,243 [1] INFO  RezervareDataBase [(null)] - Entering findAll
2023-04-04 22:38:55,244 [1] INFO  RezervareDataBase [(null)] - Exiting findAll
2023-04-04 22:38:55,244 [1] INFO  RezervareDataBase [(null)] - Entering save with value Rezervare{numeClient='Sorana', nrLocuri=17, idCursa=85
2023-04-04 22:38:55,253 [1] INFO  RezervareDataBase [(null)] - Exiting save with value Rezervare{numeClient='Sorana', nrLocuri=17, idCursa=85
2023-04-04 22:38:55,253 [1] INFO  CursaDataBase [(null)] - Entering update with value Cursa{destinatie='Berlin', dataOraPlecare=11.11.2022 11:00:00, nrLocuriDisponibile=-1}
2023-04-04 22:38:55,261 [1] INFO  CursaDataBase [(null)] - Exiting update with value Cursa{destinatie='Berlin', dataOraPlecare=11.11.2022 11:00:00, nrLocuriDisponibile=-1}
2023-04-04 22:38:55,261 [1] INFO  CursaDataBase [(null)] - Entering FindAll
2023-04-04 22:38:55,265 [1] INFO  CursaDataBase [(null)] - Exiting FindAll
2023-04-04 22:40:00,201 [1] INFO  proiectCSharp.Program [(null)] - Hello logging world!
2023-04-04 22:40:00,215 [1] INFO  UserDataBase [(null)] - Creating UserDataBase
2023-04-04 22:40:00,215 [1] INFO  CursaDataBase [(null)] - Creating CursaDataBase
2023-04-04 22:40:00,215 [1] INFO  RezervareDataBase [(null)] - Creating RezervareDataBase
2023-04-04 22:40:02,245 [1] INFO  UserDataBase [(null)] - Entering findAll
2023-04-04 22:40:02,297 [1] INFO  UserDataBase [(null)] - Exiting findAll
2023-04-04 22:40:02,305 [1] INFO  CursaDataBase [(null)] - Entering FindAll
2023-04-04 22:40:02,307 [1] INFO  CursaDataBase [(null)] - Exiting FindAll
2023-04-04 22:40:03,702 [1] INFO  CursaDataBase [(null)] - Entering findByDestinatie with value Berlin
2023-04-04 22:40:03,705 [1] INFO  CursaDataBase [(null)] - Exiting findByDestinatie with value System.Collections.Generic.List`1[proiectCSharp.domain.Cursa]
2023-04-04 22:40:04,473 [1] INFO  CursaDataBase [(null)] - Entering findByDestinatie with value Berlin
2023-04-04 22:40:04,474 [1] INFO  CursaDataBase [(null)] - Exiting findByDestinatie with value System.Collections.Generic.List`1[proiectCSharp.domain.Cursa]
2023-04-04 22:40:04,474 [1] INFO  RezervareDataBase [(null)] - Entering findAll
2023-04-04 22:40:04,475 [1] INFO  RezervareDataBase [(null)] - Exiting findAll
2023-04-04 22:40:08,429 [1] INFO  RezervareDataBase [(null)] - Entering findAll
2023-04-04 22:40:08,429 [1] INFO  RezervareDataBase [(null)] - Exiting findAll
2023-04-04 22:40:08,429 [1] INFO  RezervareDataBase [(null)] - Entering save with value Rezervare{numeClient='Alin', nrLocuri=2, idCursa=85
2023-04-04 22:40:08,439 [1] INFO  RezervareDataBase [(null)] - Exiting save with value Rezervare{numeClient='Alin', nrLocuri=2, idCursa=85
2023-04-04 22:40:08,439 [1] INFO  CursaDataBase [(null)] - Entering update with value Cursa{destinatie='Berlin', dataOraPlecare=11.11.2022 11:00:00, nrLocuriDisponibile=16}
2023-04-04 22:40:08,451 [1] INFO  CursaDataBase [(null)] - Exiting update with value Cursa{destinatie='Berlin', dataOraPlecare=11.11.2022 11:00:00, nrLocuriDisponibile=16}
2023-04-04 22:40:08,451 [1] INFO  CursaDataBase [(null)] - Entering FindAll
2023-04-04 22:40:08,454 [1] INFO  CursaDataBase [(null)] - Exiting FindAll
2023-04-04 22:40:13,655 [1] INFO  RezervareDataBase [(null)] - Entering findAll
2023-04-04 22:40:13,655 [1] INFO  RezervareDataBase [(null)] - Exiting findAll
2023-04-04 22:40:17,641 [1] INFO  RezervareDataBase [(null)] - Entering findAll
2023-04-04 22:40:17,641 [1] INFO  RezervareDataBase [(null)] - Exiting findAll
2023-04-04 22:40:17,641 [1] INFO  RezervareDataBase [(null)] - Entering save with value Rezervare{numeClient='Sorana', nrLocuri=12, idCursa=85
2023-04-04 22:40:17,648 [1] INFO  RezervareDataBase [(null)] - Exiting save with value Rezervare{numeClient='Sorana', nrLocuri=12, idCursa=85
2023-04-04 22:40:17,648 [1] INFO  CursaDataBase [(null)] - Entering update with value Cursa{destinatie='Berlin', dataOraPlecare=11.11.2022 11:00:00, nrLocuriDisponibile=4}
2023-04-04 22:40:17,658 [1] INFO  CursaDataBase [(null)] - Exiting update with value Cursa{destinatie='Berlin', dataOraPlecare=11.11.2022 11:00:00, nrLocuriDisponibile=4}
2023-04-04 22:40:17,659 [1] INFO  CursaDataBase [(null)] - Entering FindAll
2023-04-04 22:40:17,661 [1] INFO  CursaDataBase [(null)] - Exiting FindAll
2023-04-04 22:40:33,369 [1] INFO  RezervareDataBase [(null)] - Entering findAll
2023-04-04 22:40:33,369 [1] INFO  RezervareDataBase [(null)] - Exiting findAll
2023-04-04 22:41:46,169 [1] INFO  CursaDataBase [(null)] - Entering findByDestinatie with value Las Vegas
2023-04-04 22:41:46,169 [1] INFO  CursaDataBase [(null)] - Exiting findByDestinatie with value System.Collections.Generic.List`1[proiectCSharp.domain.Cursa]
2023-04-04 22:41:52,390 [1] INFO  CursaDataBase [(null)] - Entering findByDestinatie with value Barcelona
2023-04-04 22:41:52,390 [1] INFO  CursaDataBase [(null)] - Exiting findByDestinatie with value System.Collections.Generic.List`1[proiectCSharp.domain.Cursa]
2023-04-04 22:41:53,924 [1] INFO  CursaDataBase [(null)] - Entering findByDestinatie with value Berlin
2023-04-04 22:41:53,925 [1] INFO  CursaDataBase [(null)] - Exiting findByDestinatie with value System.Collections.Generic.List`1[proiectCSharp.domain.Cursa]
2023-04-04 22:41:54,324 [1] INFO  CursaDataBase [(null)] - Entering findByDestinatie with value Las Vegas
2023-04-04 22:41:54,325 [1] INFO  CursaDataBase [(null)] - Exiting findByDestinatie with value System.Collections.Generic.List`1[proiectCSharp.domain.Cursa]
2023-04-04 22:41:54,929 [1] INFO  CursaDataBase [(null)] - Entering findByDestinatie with value Barcelona
2023-04-04 22:41:54,929 [1] INFO  CursaDataBase [(null)] - Exiting findByDestinatie with value System.Collections.Generic.List`1[proiectCSharp.domain.Cursa]
2023-04-04 22:41:56,030 [1] INFO  CursaDataBase [(null)] - Entering findByDestinatie with value Barcelona
2023-04-04 22:41:56,031 [1] INFO  CursaDataBase [(null)] - Exiting findByDestinatie with value System.Collections.Generic.List`1[proiectCSharp.domain.Cursa]
2023-04-04 22:41:56,031 [1] INFO  RezervareDataBase [(null)] - Entering findAll
2023-04-04 22:41:56,032 [1] INFO  RezervareDataBase [(null)] - Exiting findAll
2023-04-04 22:41:57,082 [1] INFO  CursaDataBase [(null)] - Entering findByDestinatie with value Las Vegas
2023-04-04 22:41:57,083 [1] INFO  CursaDataBase [(null)] - Exiting findByDestinatie with value System.Collections.Generic.List`1[proiectCSharp.domain.Cursa]
2023-04-04 22:41:57,653 [1] INFO  CursaDataBase [(null)] - Entering findByDestinatie with value Las Vegas
2023-04-04 22:41:57,653 [1] INFO  CursaDataBase [(null)] - Exiting findByDestinatie with value System.Collections.Generic.List`1[proiectCSharp.domain.Cursa]
2023-04-04 22:41:57,653 [1] INFO  RezervareDataBase [(null)] - Entering findAll
2023-04-04 22:41:57,654 [1] INFO  RezervareDataBase [(null)] - Exiting findAll
2023-04-04 22:41:58,384 [1] INFO  CursaDataBase [(null)] - Entering findByDestinatie with value Berlin
2023-04-04 22:41:58,385 [1] INFO  CursaDataBase [(null)] - Exiting findByDestinatie with value System.Collections.Generic.List`1[proiectCSharp.domain.Cursa]
2023-04-04 22:41:58,967 [1] INFO  CursaDataBase [(null)] - Entering findByDestinatie with value Berlin
2023-04-04 22:41:58,967 [1] INFO  CursaDataBase [(null)] - Exiting findByDestinatie with value System.Collections.Generic.List`1[proiectCSharp.domain.Cursa]
2023-04-04 22:41:58,967 [1] INFO  RezervareDataBase [(null)] - Entering findAll
2023-04-04 22:41:58,967 [1] INFO  RezervareDataBase [(null)] - Exiting findAll
2023-04-04 22:42:30,528 [1] INFO  proiectCSharp.Program [(null)] - Hello logging world!
2023-04-04 22:42:30,544 [1] INFO  UserDataBase [(null)] - Creating UserDataBase
2023-04-04 22:42:30,544 [1] INFO  CursaDataBase [(null)] - Creating CursaDataBase
2023-04-04 22:42:30,544 [1] INFO  RezervareDataBase [(null)] - Creating RezervareDataBase
2023-04-04 22:42:34,868 [1] INFO  UserDataBase [(null)] - Entering findAll
2023-04-04 22:42:34,917 [1] INFO  UserDataBase [(null)] - Exiting findAll
2023-04-04 22:42:34,925 [1] INFO  CursaDataBase [(null)] - Entering FindAll
2023-04-04 22:42:34,926 [1] INFO  CursaDataBase [(null)] - Exiting FindAll
2023-04-04 22:42:36,876 [1] INFO  CursaDataBase [(null)] - Entering findByDestinatie with value Berlin
2023-04-04 22:42:36,880 [1] INFO  CursaDataBase [(null)] - Exiting findByDestinatie with value System.Collections.Generic.List`1[proiectCSharp.domain.Cursa]
2023-04-04 22:42:37,701 [1] INFO  CursaDataBase [(null)] - Entering findByDestinatie with value Berlin
2023-04-04 22:42:37,702 [1] INFO  CursaDataBase [(null)] - Exiting findByDestinatie with value System.Collections.Generic.List`1[proiectCSharp.domain.Cursa]
2023-04-04 22:42:37,703 [1] INFO  RezervareDataBase [(null)] - Entering findAll
2023-04-04 22:42:37,703 [1] INFO  RezervareDataBase [(null)] - Exiting findAll
2023-04-04 22:42:45,266 [1] INFO  CursaDataBase [(null)] - Entering findByDestinatie with value Las Vegas
2023-04-04 22:42:45,267 [1] INFO  CursaDataBase [(null)] - Exiting findByDestinatie with value System.Collections.Generic.List`1[proiectCSharp.domain.Cursa]
2023-04-04 22:42:49,342 [1] INFO  CursaDataBase [(null)] - Entering findByDestinatie with value Las Vegas
2023-04-04 22:42:49,343 [1] INFO  CursaDataBase [(null)] - Exiting findByDestinatie with value System.Collections.Generic.List`1[proiectCSharp.domain.Cursa]
2023-04-04 22:42:49,343 [1] INFO  RezervareDataBase [(null)] - Entering findAll
2023-04-04 22:42:49,343 [1] INFO  RezervareDataBase [(null)] - Exiting findAll
2023-04-04 22:42:58,437 [1] INFO  RezervareDataBase [(null)] - Entering findAll
2023-04-04 22:42:58,437 [1] INFO  RezervareDataBase [(null)] - Exiting findAll
2023-04-04 22:43:04,222 [1] INFO  RezervareDataBase [(null)] - Entering findAll
2023-04-04 22:43:04,223 [1] INFO  RezervareDataBase [(null)] - Exiting findAll
2023-04-04 22:43:04,223 [1] INFO  RezervareDataBase [(null)] - Entering save with value Rezervare{numeClient='Tudor', nrLocuri=5, idCursa=86
2023-04-04 22:43:04,233 [1] INFO  RezervareDataBase [(null)] - Exiting save with value Rezervare{numeClient='Tudor', nrLocuri=5, idCursa=86
2023-04-04 22:43:04,233 [1] INFO  CursaDataBase [(null)] - Entering update with value Cursa{destinatie='Las Vegas', dataOraPlecare=18.06.2023 02:00:00, nrLocuriDisponibile=13}
2023-04-04 22:43:04,245 [1] INFO  CursaDataBase [(null)] - Exiting update with value Cursa{destinatie='Las Vegas', dataOraPlecare=18.06.2023 02:00:00, nrLocuriDisponibile=13}
2023-04-04 22:43:04,245 [1] INFO  CursaDataBase [(null)] - Entering FindAll
2023-04-04 22:43:04,249 [1] INFO  CursaDataBase [(null)] - Exiting FindAll
2023-04-04 22:43:32,317 [1] INFO  CursaDataBase [(null)] - Entering findByDestinatie with value Las Vegas
2023-04-04 22:43:32,318 [1] INFO  CursaDataBase [(null)] - Exiting findByDestinatie with value System.Collections.Generic.List`1[proiectCSharp.domain.Cursa]
2023-04-04 22:43:45,160 [1] INFO  RezervareDataBase [(null)] - Entering findAll
2023-04-04 22:43:45,160 [1] INFO  RezervareDataBase [(null)] - Exiting findAll
2023-04-04 22:43:45,160 [1] INFO  RezervareDataBase [(null)] - Entering save with value Rezervare{numeClient='Alice', nrLocuri=3, idCursa=86
2023-04-04 22:43:45,169 [1] INFO  RezervareDataBase [(null)] - Exiting save with value Rezervare{numeClient='Alice', nrLocuri=3, idCursa=86
2023-04-04 22:43:45,169 [1] INFO  CursaDataBase [(null)] - Entering update with value Cursa{destinatie='Las Vegas', dataOraPlecare=18.06.2023 02:00:00, nrLocuriDisponibile=10}
2023-04-04 22:43:45,179 [1] INFO  CursaDataBase [(null)] - Exiting update with value Cursa{destinatie='Las Vegas', dataOraPlecare=18.06.2023 02:00:00, nrLocuriDisponibile=10}
2023-04-04 22:43:45,179 [1] INFO  CursaDataBase [(null)] - Entering FindAll
2023-04-04 22:43:45,182 [1] INFO  CursaDataBase [(null)] - Exiting FindAll
2023-04-04 22:43:56,114 [1] INFO  CursaDataBase [(null)] - Entering findByDestinatie with value Las Vegas
2023-04-04 22:43:56,115 [1] INFO  CursaDataBase [(null)] - Exiting findByDestinatie with value System.Collections.Generic.List`1[proiectCSharp.domain.Cursa]
2023-04-04 22:43:56,961 [1] INFO  CursaDataBase [(null)] - Entering findByDestinatie with value Las Vegas
2023-04-04 22:43:56,961 [1] INFO  CursaDataBase [(null)] - Exiting findByDestinatie with value System.Collections.Generic.List`1[proiectCSharp.domain.Cursa]
2023-04-04 22:43:56,961 [1] INFO  RezervareDataBase [(null)] - Entering findAll
2023-04-04 22:43:56,962 [1] INFO  RezervareDataBase [(null)] - Exiting findAll
2023-04-04 22:43:59,688 [1] INFO  CursaDataBase [(null)] - Entering findByDestinatie with value Berlin
2023-04-04 22:43:59,688 [1] INFO  CursaDataBase [(null)] - Exiting findByDestinatie with value System.Collections.Generic.List`1[proiectCSharp.domain.Cursa]
2023-04-04 22:44:00,291 [1] INFO  CursaDataBase [(null)] - Entering findByDestinatie with value Berlin
2023-04-04 22:44:00,291 [1] INFO  CursaDataBase [(null)] - Exiting findByDestinatie with value System.Collections.Generic.List`1[proiectCSharp.domain.Cursa]
2023-04-04 22:44:00,291 [1] INFO  RezervareDataBase [(null)] - Entering findAll
2023-04-04 22:44:00,291 [1] INFO  RezervareDataBase [(null)] - Exiting findAll
2023-04-04 22:44:01,964 [1] INFO  CursaDataBase [(null)] - Entering findByDestinatie with value Barcelona
2023-04-04 22:44:01,965 [1] INFO  CursaDataBase [(null)] - Exiting findByDestinatie with value System.Collections.Generic.List`1[proiectCSharp.domain.Cursa]
2023-04-04 22:44:02,793 [1] INFO  CursaDataBase [(null)] - Entering findByDestinatie with value Barcelona
2023-04-04 22:44:02,793 [1] INFO  CursaDataBase [(null)] - Exiting findByDestinatie with value System.Collections.Generic.List`1[proiectCSharp.domain.Cursa]
2023-04-04 22:44:02,793 [1] INFO  RezervareDataBase [(null)] - Entering findAll
2023-04-04 22:44:02,793 [1] INFO  RezervareDataBase [(null)] - Exiting findAll
2023-04-04 22:44:12,064 [1] INFO  CursaDataBase [(null)] - Entering findByDestinatie with value Las Vegas
2023-04-04 22:44:12,065 [1] INFO  CursaDataBase [(null)] - Exiting findByDestinatie with value System.Collections.Generic.List`1[proiectCSharp.domain.Cursa]
2023-04-04 22:44:12,790 [1] INFO  CursaDataBase [(null)] - Entering findByDestinatie with value Las Vegas
2023-04-04 22:44:12,790 [1] INFO  CursaDataBase [(null)] - Exiting findByDestinatie with value System.Collections.Generic.List`1[proiectCSharp.domain.Cursa]
2023-04-04 22:44:12,790 [1] INFO  RezervareDataBase [(null)] - Entering findAll
2023-04-04 22:44:12,790 [1] INFO  RezervareDataBase [(null)] - Exiting findAll
2023-04-04 22:44:14,546 [1] INFO  CursaDataBase [(null)] - Entering findByDestinatie with value Berlin
2023-04-04 22:44:14,546 [1] INFO  CursaDataBase [(null)] - Exiting findByDestinatie with value System.Collections.Generic.List`1[proiectCSharp.domain.Cursa]
2023-04-04 22:44:15,223 [1] INFO  CursaDataBase [(null)] - Entering findByDestinatie with value Berlin
2023-04-04 22:44:15,223 [1] INFO  CursaDataBase [(null)] - Exiting findByDestinatie with value System.Collections.Generic.List`1[proiectCSharp.domain.Cursa]
2023-04-04 22:44:15,223 [1] INFO  RezervareDataBase [(null)] - Entering findAll
2023-04-04 22:44:15,223 [1] INFO  RezervareDataBase [(null)] - Exiting findAll
2023-04-05 01:52:27,252 [1] INFO  proiectCSharp.Program [(null)] - Hello logging world!
2023-04-05 01:52:27,266 [1] INFO  UserDataBase [(null)] - Creating UserDataBase
2023-04-05 01:52:27,266 [1] INFO  CursaDataBase [(null)] - Creating CursaDataBase
2023-04-05 01:52:27,266 [1] INFO  RezervareDataBase [(null)] - Creating RezervareDataBase
2023-04-05 01:52:33,024 [1] INFO  UserDataBase [(null)] - Entering findAll
2023-04-05 01:52:33,101 [1] INFO  UserDataBase [(null)] - Exiting findAll
2023-04-05 01:52:33,110 [1] INFO  CursaDataBase [(null)] - Entering FindAll
2023-04-05 01:52:33,112 [1] INFO  CursaDataBase [(null)] - Exiting FindAll
2023-04-05 01:52:37,130 [1] INFO  CursaDataBase [(null)] - Entering findByDestinatie with value Berlin
2023-04-05 01:52:37,133 [1] INFO  CursaDataBase [(null)] - Exiting findByDestinatie with value System.Collections.Generic.List`1[proiectCSharp.domain.Cursa]
2023-04-05 01:52:38,086 [1] INFO  CursaDataBase [(null)] - Entering findByDestinatie with value Berlin
2023-04-05 01:52:38,087 [1] INFO  CursaDataBase [(null)] - Exiting findByDestinatie with value System.Collections.Generic.List`1[proiectCSharp.domain.Cursa]
2023-04-05 01:52:38,087 [1] INFO  RezervareDataBase [(null)] - Entering findAll
2023-04-05 01:52:38,088 [1] INFO  RezervareDataBase [(null)] - Exiting findAll
2023-04-05 01:52:40,796 [1] INFO  CursaDataBase [(null)] - Entering findByDestinatie with value Las Vegas
2023-04-05 01:52:40,796 [1] INFO  CursaDataBase [(null)] - Exiting findByDestinatie with value System.Collections.Generic.List`1[proiectCSharp.domain.Cursa]
2023-04-05 01:52:41,408 [1] INFO  CursaDataBase [(null)] - Entering findByDestinatie with value Las Vegas
2023-04-05 01:52:41,409 [1] INFO  CursaDataBase [(null)] - Exiting findByDestinatie with value System.Collections.Generic.List`1[proiectCSharp.domain.Cursa]
2023-04-05 01:52:41,409 [1] INFO  RezervareDataBase [(null)] - Entering findAll
2023-04-05 01:52:41,409 [1] INFO  RezervareDataBase [(null)] - Exiting findAll
2023-04-05 01:52:43,701 [1] INFO  CursaDataBase [(null)] - Entering findByDestinatie with value Barcelona
2023-04-05 01:52:43,701 [1] INFO  CursaDataBase [(null)] - Exiting findByDestinatie with value System.Collections.Generic.List`1[proiectCSharp.domain.Cursa]
2023-04-05 01:52:44,296 [1] INFO  CursaDataBase [(null)] - Entering findByDestinatie with value Barcelona
2023-04-05 01:52:44,297 [1] INFO  CursaDataBase [(null)] - Exiting findByDestinatie with value System.Collections.Generic.List`1[proiectCSharp.domain.Cursa]
2023-04-05 01:52:44,297 [1] INFO  RezervareDataBase [(null)] - Entering findAll
2023-04-05 01:52:44,297 [1] INFO  RezervareDataBase [(null)] - Exiting findAll
2023-04-05 01:52:45,188 [1] INFO  CursaDataBase [(null)] - Entering findByDestinatie with value Berlin
2023-04-05 01:52:45,188 [1] INFO  CursaDataBase [(null)] - Exiting findByDestinatie with value System.Collections.Generic.List`1[proiectCSharp.domain.Cursa]
2023-04-05 01:52:45,796 [1] INFO  CursaDataBase [(null)] - Entering findByDestinatie with value Berlin
2023-04-05 01:52:45,797 [1] INFO  CursaDataBase [(null)] - Exiting findByDestinatie with value System.Collections.Generic.List`1[proiectCSharp.domain.Cursa]
2023-04-05 01:52:45,797 [1] INFO  RezervareDataBase [(null)] - Entering findAll
2023-04-05 01:52:45,797 [1] INFO  RezervareDataBase [(null)] - Exiting findAll
2023-04-05 01:55:57,177 [1] INFO  CursaDataBase [(null)] - Entering findByDestinatie with value Las Vegas
2023-04-05 01:55:57,177 [1] INFO  CursaDataBase [(null)] - Exiting findByDestinatie with value System.Collections.Generic.List`1[proiectCSharp.domain.Cursa]
2023-04-05 01:55:58,285 [1] INFO  CursaDataBase [(null)] - Entering findByDestinatie with value Barcelona
2023-04-05 01:55:58,285 [1] INFO  CursaDataBase [(null)] - Exiting findByDestinatie with value System.Collections.Generic.List`1[proiectCSharp.domain.Cursa]
2023-04-05 01:55:58,869 [1] INFO  CursaDataBase [(null)] - Entering findByDestinatie with value Berlin
2023-04-05 01:55:58,870 [1] INFO  CursaDataBase [(null)] - Exiting findByDestinatie with value System.Collections.Generic.List`1[proiectCSharp.domain.Cursa]
2023-04-05 01:56:01,769 [1] INFO  CursaDataBase [(null)] - Entering findByDestinatie with value Las Vegas
2023-04-05 01:56:01,769 [1] INFO  CursaDataBase [(null)] - Exiting findByDestinatie with value System.Collections.Generic.List`1[proiectCSharp.domain.Cursa]
2023-04-05 01:56:03,047 [1] INFO  CursaDataBase [(null)] - Entering findByDestinatie with value Barcelona
2023-04-05 01:56:03,048 [1] INFO  CursaDataBase [(null)] - Exiting findByDestinatie with value System.Collections.Generic.List`1[proiectCSharp.domain.Cursa]
2023-04-05 08:31:39,057 [1] INFO  proiectCSharp.Program [(null)] - Hello logging world!
2023-04-05 08:31:39,073 [1] INFO  UserDataBase [(null)] - Creating UserDataBase
2023-04-05 08:31:39,073 [1] INFO  CursaDataBase [(null)] - Creating CursaDataBase
2023-04-05 08:31:39,073 [1] INFO  RezervareDataBase [(null)] - Creating RezervareDataBase
2023-04-05 08:31:42,946 [1] INFO  UserDataBase [(null)] - Entering findAll
2023-04-05 08:31:43,037 [1] INFO  UserDataBase [(null)] - Exiting findAll
2023-04-05 08:31:43,074 [1] INFO  CursaDataBase [(null)] - Entering FindAll
2023-04-05 08:31:43,075 [1] INFO  CursaDataBase [(null)] - Exiting FindAll
2023-04-05 08:31:45,218 [1] INFO  CursaDataBase [(null)] - Entering findByDestinatie with value Berlin
2023-04-05 08:31:45,222 [1] INFO  CursaDataBase [(null)] - Exiting findByDestinatie with value System.Collections.Generic.List`1[proiectCSharp.domain.Cursa]
2023-04-05 08:31:46,765 [1] INFO  CursaDataBase [(null)] - Entering findByDestinatie with value Berlin
2023-04-05 08:31:46,766 [1] INFO  CursaDataBase [(null)] - Exiting findByDestinatie with value System.Collections.Generic.List`1[proiectCSharp.domain.Cursa]
2023-04-05 08:31:46,766 [1] INFO  RezervareDataBase [(null)] - Entering findAll
2023-04-05 08:31:46,766 [1] INFO  RezervareDataBase [(null)] - Exiting findAll
2023-04-05 08:31:50,036 [1] INFO  CursaDataBase [(null)] - Entering findByDestinatie with value Las Vegas
2023-04-05 08:31:50,037 [1] INFO  CursaDataBase [(null)] - Exiting findByDestinatie with value System.Collections.Generic.List`1[proiectCSharp.domain.Cursa]
2023-04-05 08:31:51,177 [1] INFO  CursaDataBase [(null)] - Entering findByDestinatie with value Las Vegas
2023-04-05 08:31:51,178 [1] INFO  CursaDataBase [(null)] - Exiting findByDestinatie with value System.Collections.Generic.List`1[proiectCSharp.domain.Cursa]
2023-04-05 08:31:51,178 [1] INFO  RezervareDataBase [(null)] - Entering findAll
2023-04-05 08:31:51,178 [1] INFO  RezervareDataBase [(null)] - Exiting findAll
2023-04-05 08:31:55,446 [1] INFO  CursaDataBase [(null)] - Entering findByDestinatie with value Las Vegas
2023-04-05 08:31:55,446 [1] INFO  CursaDataBase [(null)] - Exiting findByDestinatie with value System.Collections.Generic.List`1[proiectCSharp.domain.Cursa]
2023-04-05 08:31:59,078 [1] INFO  CursaDataBase [(null)] - Entering findByDestinatie with value Barcelona
2023-04-05 08:31:59,080 [1] INFO  CursaDataBase [(null)] - Exiting findByDestinatie with value System.Collections.Generic.List`1[proiectCSharp.domain.Cursa]
2023-04-05 08:31:59,920 [1] INFO  CursaDataBase [(null)] - Entering findByDestinatie with value Barcelona
2023-04-05 08:31:59,920 [1] INFO  CursaDataBase [(null)] - Exiting findByDestinatie with value System.Collections.Generic.List`1[proiectCSharp.domain.Cursa]
2023-04-05 08:31:59,920 [1] INFO  RezervareDataBase [(null)] - Entering findAll
2023-04-05 08:31:59,920 [1] INFO  RezervareDataBase [(null)] - Exiting findAll
2023-04-05 08:32:05,555 [1] INFO  CursaDataBase [(null)] - Entering findByDestinatie with value Las Vegas
2023-04-05 08:32:05,555 [1] INFO  CursaDataBase [(null)] - Exiting findByDestinatie with value System.Collections.Generic.List`1[proiectCSharp.domain.Cursa]
2023-04-05 08:32:06,121 [1] INFO  CursaDataBase [(null)] - Entering findByDestinatie with value Berlin
2023-04-05 08:32:06,122 [1] INFO  CursaDataBase [(null)] - Exiting findByDestinatie with value System.Collections.Generic.List`1[proiectCSharp.domain.Cursa]
2023-04-05 08:32:06,830 [1] INFO  CursaDataBase [(null)] - Entering findByDestinatie with value Berlin
2023-04-05 08:32:06,830 [1] INFO  CursaDataBase [(null)] - Exiting findByDestinatie with value System.Collections.Generic.List`1[proiectCSharp.domain.Cursa]
2023-04-05 08:32:06,830 [1] INFO  RezervareDataBase [(null)] - Entering findAll
2023-04-05 08:32:06,831 [1] INFO  RezervareDataBase [(null)] - Exiting findAll
2023-04-05 08:32:54,493 [1] INFO  proiectCSharp.Program [(null)] - Hello logging world!
2023-04-05 08:32:54,508 [1] INFO  UserDataBase [(null)] - Creating UserDataBase
2023-04-05 08:32:54,508 [1] INFO  CursaDataBase [(null)] - Creating CursaDataBase
2023-04-05 08:32:54,509 [1] INFO  RezervareDataBase [(null)] - Creating RezervareDataBase
2023-04-05 08:42:51,619 [1] INFO  proiectCSharp.Program [(null)] - Hello logging world!
2023-04-05 08:42:51,638 [1] INFO  UserDataBase [(null)] - Creating UserDataBase
2023-04-05 08:42:51,639 [1] INFO  CursaDataBase [(null)] - Creating CursaDataBase
2023-04-05 08:42:51,639 [1] INFO  RezervareDataBase [(null)] - Creating RezervareDataBase
2023-04-05 08:43:30,393 [1] INFO  proiectCSharp.Program [(null)] - Hello logging world!
2023-04-05 08:43:30,408 [1] INFO  UserDataBase [(null)] - Creating UserDataBase
2023-04-05 08:43:30,408 [1] INFO  CursaDataBase [(null)] - Creating CursaDataBase
2023-04-05 08:43:30,408 [1] INFO  RezervareDataBase [(null)] - Creating RezervareDataBase
2023-04-05 08:43:34,927 [1] INFO  UserDataBase [(null)] - Entering findAll
2023-04-05 08:43:34,998 [1] INFO  UserDataBase [(null)] - Exiting findAll
2023-04-05 08:43:35,006 [1] INFO  CursaDataBase [(null)] - Entering FindAll
2023-04-05 08:43:35,007 [1] INFO  CursaDataBase [(null)] - Exiting FindAll
2023-04-05 08:43:39,116 [1] INFO  CursaDataBase [(null)] - Entering findByDestinatie with value Berlin
2023-04-05 08:43:39,119 [1] INFO  CursaDataBase [(null)] - Exiting findByDestinatie with value System.Collections.Generic.List`1[proiectCSharp.domain.Cursa]
2023-04-05 08:43:42,506 [1] INFO  CursaDataBase [(null)] - Entering findByDestinatie with value Berlin
2023-04-05 08:43:42,506 [1] INFO  CursaDataBase [(null)] - Exiting findByDestinatie with value System.Collections.Generic.List`1[proiectCSharp.domain.Cursa]
2023-04-05 08:43:42,507 [1] INFO  RezervareDataBase [(null)] - Entering findAll
2023-04-05 08:43:42,507 [1] INFO  RezervareDataBase [(null)] - Exiting findAll
2023-04-05 08:43:54,564 [1] INFO  RezervareDataBase [(null)] - Entering findAll
2023-04-05 08:43:54,565 [1] INFO  RezervareDataBase [(null)] - Exiting findAll
2023-04-05 08:43:54,565 [1] INFO  RezervareDataBase [(null)] - Entering save with value Rezervare{numeClient='Alex', nrLocuri=2, idCursa=85
2023-04-05 08:43:54,574 [1] INFO  RezervareDataBase [(null)] - Exiting save with value Rezervare{numeClient='Alex', nrLocuri=2, idCursa=85
2023-04-05 08:43:54,574 [1] INFO  CursaDataBase [(null)] - Entering update with value Cursa{destinatie='Berlin', dataOraPlecare=11.11.2022 11:00:00, nrLocuriDisponibile=2}
2023-04-05 08:43:54,586 [1] INFO  CursaDataBase [(null)] - Exiting update with value Cursa{destinatie='Berlin', dataOraPlecare=11.11.2022 11:00:00, nrLocuriDisponibile=2}
2023-04-05 08:43:54,587 [1] INFO  CursaDataBase [(null)] - Entering FindAll
2023-04-05 08:43:54,590 [1] INFO  CursaDataBase [(null)] - Exiting FindAll
2023-04-05 08:44:03,168 [1] INFO  CursaDataBase [(null)] - Entering findByDestinatie with value Berlin
2023-04-05 08:44:03,169 [1] INFO  CursaDataBase [(null)] - Exiting findByDestinatie with value System.Collections.Generic.List`1[proiectCSharp.domain.Cursa]
2023-04-07 15:08:34,404 [1] INFO  proiectCSharp.Program [(null)] - Hello logging world!
2023-04-07 15:08:34,421 [1] INFO  UserDataBase [(null)] - Creating UserDataBase
2023-04-07 15:08:34,421 [1] INFO  CursaDataBase [(null)] - Creating CursaDataBase
2023-04-07 15:08:34,422 [1] INFO  RezervareDataBase [(null)] - Creating RezervareDataBase
2023-04-07 15:08:56,117 [1] INFO  UserDataBase [(null)] - Entering findAll
2023-04-07 15:08:56,202 [1] INFO  UserDataBase [(null)] - Exiting findAll
2023-04-07 15:08:56,227 [1] INFO  CursaDataBase [(null)] - Entering FindAll
2023-04-07 15:08:56,228 [1] INFO  CursaDataBase [(null)] - Exiting FindAll
2023-04-07 15:09:37,269 [1] INFO  CursaDataBase [(null)] - Entering findByDestinatie with value Barcelona
2023-04-07 15:09:37,274 [1] INFO  CursaDataBase [(null)] - Exiting findByDestinatie with value System.Collections.Generic.List`1[proiectCSharp.domain.Cursa]
2023-04-07 15:09:59,504 [1] INFO  CursaDataBase [(null)] - Entering findByDestinatie with value Barcelona
2023-04-07 15:09:59,504 [1] INFO  CursaDataBase [(null)] - Exiting findByDestinatie with value System.Collections.Generic.List`1[proiectCSharp.domain.Cursa]
2023-04-07 15:10:08,689 [1] INFO  CursaDataBase [(null)] - Entering findByDestinatie with value Barcelona
2023-04-07 15:10:08,689 [1] INFO  CursaDataBase [(null)] - Exiting findByDestinatie with value System.Collections.Generic.List`1[proiectCSharp.domain.Cursa]
2023-04-07 15:10:11,976 [1] INFO  CursaDataBase [(null)] - Entering findByDestinatie with value Barcelona
2023-04-07 15:10:11,976 [1] INFO  CursaDataBase [(null)] - Exiting findByDestinatie with value System.Collections.Generic.List`1[proiectCSharp.domain.Cursa]
2023-04-07 15:10:11,977 [1] INFO  RezervareDataBase [(null)] - Entering findAll
2023-04-07 15:10:11,977 [1] INFO  RezervareDataBase [(null)] - Exiting findAll
2023-04-07 15:10:14,325 [1] INFO  CursaDataBase [(null)] - Entering findByDestinatie with value Barcelona
2023-04-07 15:10:14,325 [1] INFO  CursaDataBase [(null)] - Exiting findByDestinatie with value System.Collections.Generic.List`1[proiectCSharp.domain.Cursa]
2023-04-07 15:10:14,325 [1] INFO  RezervareDataBase [(null)] - Entering findAll
2023-04-07 15:10:14,326 [1] INFO  RezervareDataBase [(null)] - Exiting findAll
2023-04-07 15:10:15,065 [1] INFO  CursaDataBase [(null)] - Entering findByDestinatie with value Barcelona
2023-04-07 15:10:15,066 [1] INFO  CursaDataBase [(null)] - Exiting findByDestinatie with value System.Collections.Generic.List`1[proiectCSharp.domain.Cursa]
2023-04-07 15:10:15,066 [1] INFO  RezervareDataBase [(null)] - Entering findAll
2023-04-07 15:10:15,066 [1] INFO  RezervareDataBase [(null)] - Exiting findAll
2023-04-07 15:10:15,386 [1] INFO  CursaDataBase [(null)] - Entering findByDestinatie with value Barcelona
2023-04-07 15:10:15,386 [1] INFO  CursaDataBase [(null)] - Exiting findByDestinatie with value System.Collections.Generic.List`1[proiectCSharp.domain.Cursa]
2023-04-07 15:10:15,386 [1] INFO  RezervareDataBase [(null)] - Entering findAll
2023-04-07 15:10:15,387 [1] INFO  RezervareDataBase [(null)] - Exiting findAll
2023-04-07 15:10:17,391 [1] INFO  CursaDataBase [(null)] - Entering findByDestinatie with value Las Vegas
2023-04-07 15:10:17,391 [1] INFO  CursaDataBase [(null)] - Exiting findByDestinatie with value System.Collections.Generic.List`1[proiectCSharp.domain.Cursa]
2023-04-07 15:10:19,179 [1] INFO  CursaDataBase [(null)] - Entering findByDestinatie with value Berlin
2023-04-07 15:10:19,180 [1] INFO  CursaDataBase [(null)] - Exiting findByDestinatie with value System.Collections.Generic.List`1[proiectCSharp.domain.Cursa]
2023-04-07 15:10:20,387 [1] INFO  CursaDataBase [(null)] - Entering findByDestinatie with value Berlin
2023-04-07 15:10:20,387 [1] INFO  CursaDataBase [(null)] - Exiting findByDestinatie with value System.Collections.Generic.List`1[proiectCSharp.domain.Cursa]
2023-04-07 15:10:20,387 [1] INFO  RezervareDataBase [(null)] - Entering findAll
2023-04-07 15:10:20,387 [1] INFO  RezervareDataBase [(null)] - Exiting findAll
2023-04-07 15:10:23,883 [1] INFO  CursaDataBase [(null)] - Entering findByDestinatie with value Berlin
2023-04-07 15:10:23,884 [1] INFO  CursaDataBase [(null)] - Exiting findByDestinatie with value System.Collections.Generic.List`1[proiectCSharp.domain.Cursa]
2023-04-07 15:10:23,884 [1] INFO  RezervareDataBase [(null)] - Entering findAll
2023-04-07 15:10:23,884 [1] INFO  RezervareDataBase [(null)] - Exiting findAll
2023-04-25 19:48:24,766 [1] INFO  proiectCSharp.Program [(null)] - Hello logging world!
2023-04-25 19:48:24,797 [1] INFO  UserDataBase [(null)] - Creating UserDataBase
2023-04-25 19:48:24,798 [1] INFO  CursaDataBase [(null)] - Creating CursaDataBase
2023-04-25 19:48:24,798 [1] INFO  RezervareDataBase [(null)] - Creating RezervareDataBase
2023-04-25 19:50:57,066 [1] INFO  UserDataBase [(null)] - Entering findAll
2023-04-25 19:50:57,166 [1] INFO  UserDataBase [(null)] - Exiting findAll
2023-04-25 19:50:57,208 [1] INFO  CursaDataBase [(null)] - Entering FindAll
2023-04-25 19:50:57,209 [1] INFO  CursaDataBase [(null)] - Exiting FindAll
